2016-08-11 09:34:40  [ main:0 ] - [ INFO ]  错误检测进程启动！
2016-08-11 09:34:40  [ main:5 ] - [ INFO ]  MonitorShutdown init
2016-08-11 09:34:42  [ AWT-EventQueue-0:2529 ] - [ INFO ]  C:\Users\QP011\workspace\RobotTest\receive 已存在
2016-08-11 09:34:42  [ AWT-EventQueue-0:2534 ] - [ INFO ]  C:\Users\QP011\workspace\RobotTest\error 已存在
2016-08-11 09:34:42  [ Thread-4:2535 ] - [ INFO ]  准备开始获取xml文件
2016-08-11 09:34:42  [ Thread-4:2538 ] - [ ERROR ]  send目录为空，可能出错！
2016-08-11 09:34:42  [ Thread-4:2542 ] - [ INFO ]  无录入文件！
2016-08-11 09:34:47  [ AWT-EventQueue-0:7125 ] - [ INFO ]  C:\Users\QP011\workspace\RobotTest\status 已存在
2016-08-11 09:34:55  [ Thread-5:14797 ] - [ INFO ]  开始获取status，文件名:PLT2016-08002_201607271159
2016-08-11 09:34:55  [ Thread-5:14803 ] - [ INFO ]  [{"value":"356,618","key":"move"},{"value":"100","key":"sleep"},{"key":"leftclick"},{"value":"100","key":"sleep"},{"value":"335,415","key":"move"},{"value":"100","key":"sleep"},{"key":"leftclick"},{"value":"100","key":"sleep"},{"value":"906,202","key":"move"},{"value":"100","key":"sleep"},{"key":"leftclick"},{"value":"100","key":"sleep"},{"value":"Z11000000917619498","key":"copy"},{"value":"paste","key":"press"},{"value":"100","key":"sleep"},{"value":"enter","key":"press"},{"value":"A","key":"press"},{"value":"1000","key":"sleep"},{"value":"720,388","key":"move"},{"value":"100","key":"sleep"},{"key":"leftclick"},{"value":"100","key":"sleep"},{"value":"copy","key":"press"}]
2016-08-11 09:34:58  [ Thread-5:18471 ] - [ ERROR ]  QP窗口不正常，可能处于假死，第1次
2016-08-11 09:34:59  [ Thread-5:19538 ] - [ ERROR ]  QP窗口不正常，可能处于假死，第2次
2016-08-11 09:35:00  [ Thread-5:20605 ] - [ ERROR ]  QP窗口不正常，可能处于假死，第3次
2016-08-11 09:35:01  [ Thread-5:21672 ] - [ ERROR ]  QP窗口不正常，可能处于假死，第4次
2016-08-11 09:35:03  [ Thread-5:22739 ] - [ ERROR ]  QP窗口不正常，可能处于假死，第5次
2016-08-11 09:35:04  [ Thread-5:23805 ] - [ ERROR ]  QP窗口不正常，可能处于假死，第6次
2016-08-11 09:35:05  [ Thread-5:24872 ] - [ ERROR ]  QP窗口不正常，可能处于假死，第7次
2016-08-11 09:35:06  [ Thread-5:25938 ] - [ ERROR ]  QP窗口不正常，可能处于假死，第8次
2016-08-11 09:35:07  [ Thread-5:27005 ] - [ ERROR ]  QP窗口不正常，可能处于假死，第9次
2016-08-11 09:35:08  [ Thread-5:28072 ] - [ ERROR ]  QP窗口不正常，可能处于假死，第10次
2016-08-11 09:35:08  [ Thread-5:28073 ] - [ ERROR ]  QP窗口不正常，系统退出！
2016-08-11 09:35:08  [ Thread-2:28079 ] - [ INFO ]  Im going to end.
2016-08-11 09:38:17  [ main:0 ] - [ INFO ]  错误检测进程启动！
2016-08-11 09:38:17  [ main:4 ] - [ INFO ]  MonitorShutdown init
2016-08-11 09:38:19  [ AWT-EventQueue-0:1999 ] - [ INFO ]  C:\Users\QP011\workspace\RobotTest\receive 已存在
2016-08-11 09:38:19  [ AWT-EventQueue-0:2005 ] - [ INFO ]  C:\Users\QP011\workspace\RobotTest\error 已存在
2016-08-11 09:38:19  [ Thread-4:2007 ] - [ INFO ]  准备开始获取xml文件
2016-08-11 09:38:19  [ Thread-4:2012 ] - [ ERROR ]  send目录为空，可能出错！
2016-08-11 09:38:19  [ Thread-4:2014 ] - [ INFO ]  无录入文件！
2016-08-11 09:38:21  [ AWT-EventQueue-0:3860 ] - [ INFO ]  C:\Users\QP011\workspace\RobotTest\status 已存在
2016-08-11 09:38:29  [ Thread-5:11536 ] - [ INFO ]  开始获取status，文件名:PLT2016-08002_201607271159
2016-08-11 09:38:29  [ Thread-5:11541 ] - [ INFO ]  [{"value":"356,618","key":"move"},{"value":"100","key":"sleep"},{"key":"leftclick"},{"value":"100","key":"sleep"},{"value":"335,415","key":"move"},{"value":"100","key":"sleep"},{"key":"leftclick"},{"value":"100","key":"sleep"},{"value":"906,202","key":"move"},{"value":"100","key":"sleep"},{"key":"leftclick"},{"value":"100","key":"sleep"},{"value":"Z11000000917619498","key":"copy"},{"value":"paste","key":"press"},{"value":"100","key":"sleep"},{"value":"enter","key":"press"},{"value":"A","key":"press"},{"value":"1000","key":"sleep"},{"value":"720,388","key":"move"},{"value":"100","key":"sleep"},{"key":"leftclick"},{"value":"100","key":"sleep"},{"value":"copy","key":"press"}]
2016-08-11 09:38:40  [ Thread-5:22789 ] - [ INFO ]  .//query.txt成功删除
2016-08-11 09:38:42  [ Thread-5:24792 ] - [ INFO ]  开始获取status，文件名:PLT2016-08002_201607271160
2016-08-11 09:38:42  [ Thread-5:24797 ] - [ INFO ]  [{"value":"356,618","key":"move"},{"value":"100","key":"sleep"},{"key":"leftclick"},{"value":"100","key":"sleep"},{"value":"335,415","key":"move"},{"value":"100","key":"sleep"},{"key":"leftclick"},{"value":"100","key":"sleep"},{"value":"906,202","key":"move"},{"value":"100","key":"sleep"},{"key":"leftclick"},{"value":"100","key":"sleep"},{"value":"Z11000000917620040","key":"copy"},{"value":"paste","key":"press"},{"value":"100","key":"sleep"},{"value":"enter","key":"press"},{"value":"A","key":"press"},{"value":"1000","key":"sleep"},{"value":"720,388","key":"move"},{"value":"100","key":"sleep"},{"key":"leftclick"},{"value":"100","key":"sleep"},{"value":"copy","key":"press"}]
2016-08-11 09:38:53  [ Thread-5:35623 ] - [ INFO ]  .//query.txt成功删除
2016-08-11 09:38:53  [ Thread-5:35624 ] - [ INFO ]  状态检测完毕，等待命令！
2016-08-11 10:03:35  [ main:0 ] - [ INFO ]  错误检测进程启动！
2016-08-11 10:03:35  [ main:3 ] - [ INFO ]  MonitorShutdown init
2016-08-11 10:03:36  [ AWT-EventQueue-0:1575 ] - [ INFO ]  C:\Users\QP011\workspace\RobotTest\receive 已存在
2016-08-11 10:03:36  [ AWT-EventQueue-0:1598 ] - [ INFO ]  C:\Users\QP011\workspace\RobotTest\error 已存在
2016-08-11 10:03:36  [ Thread-4:1601 ] - [ INFO ]  准备开始获取xml文件
2016-08-11 10:03:36  [ Thread-4:1603 ] - [ ERROR ]  send目录为空，可能出错！
2016-08-11 10:03:36  [ Thread-4:1603 ] - [ INFO ]  无录入文件！
2016-08-11 10:03:38  [ AWT-EventQueue-0:3542 ] - [ INFO ]  C:\Users\QP011\workspace\RobotTest\status 已存在
2016-08-11 10:03:46  [ Thread-5:11217 ] - [ INFO ]  开始获取status，文件名:PLT2016-08002_201607271159
2016-08-11 10:03:46  [ Thread-5:11224 ] - [ INFO ]  [{"value":"356,618","key":"move"},{"value":"100","key":"sleep"},{"key":"leftclick"},{"value":"100","key":"sleep"},{"value":"335,415","key":"move"},{"value":"100","key":"sleep"},{"key":"leftclick"},{"value":"100","key":"sleep"},{"value":"906,202","key":"move"},{"value":"100","key":"sleep"},{"key":"leftclick"},{"value":"100","key":"sleep"},{"value":"Z11000000917619498","key":"copy"},{"value":"paste","key":"press"},{"value":"100","key":"sleep"},{"value":"enter","key":"press"},{"value":"A","key":"press"},{"value":"1000","key":"sleep"},{"value":"499,387,255,255,255","key":"color"},{"value":"720,388","key":"move"},{"value":"100","key":"sleep"},{"key":"leftclick"},{"value":"100","key":"sleep"},{"value":"copy","key":"press"}]
2016-08-11 10:03:59  [ Thread-5:24689 ] - [ ERROR ]  颜色检测失败pixel:[Ljava.lang.String;@6b9830java.awt.Color[r=171,g=171,b=171]
2016-08-11 10:03:59  [ Thread-2:24705 ] - [ INFO ]  Im going to end.
2016-08-11 10:16:52  [ main:0 ] - [ INFO ]  MonitorShutdown init
2016-08-11 10:16:53  [ Thread-0:1007 ] - [ INFO ]  Im going to end.
2016-08-11 10:17:51  [ main:0 ] - [ INFO ]  错误检测进程启动！
2016-08-11 10:17:51  [ main:2 ] - [ INFO ]  MonitorShutdown init
2016-08-11 10:17:53  [ AWT-EventQueue-0:1987 ] - [ INFO ]  C:\Users\QP011\workspace\RobotTest\status 已存在
2016-08-11 10:18:01  [ Thread-4:9621 ] - [ INFO ]  开始获取status，文件名:PLT2016-08002_201607271159
2016-08-11 10:18:01  [ Thread-4:9626 ] - [ INFO ]  [{"value":"356,618","key":"move"},{"value":"100","key":"sleep"},{"key":"leftclick"},{"value":"100","key":"sleep"},{"value":"335,415","key":"move"},{"value":"100","key":"sleep"},{"key":"leftclick"},{"value":"100","key":"sleep"},{"value":"906,202","key":"move"},{"value":"100","key":"sleep"},{"key":"leftclick"},{"value":"100","key":"sleep"},{"value":"Z11000000917619498","key":"copy"},{"value":"paste","key":"press"},{"value":"100","key":"sleep"},{"value":"enter","key":"press"},{"value":"A","key":"press"},{"value":"1000","key":"sleep"},{"value":"499,387,255,255,255","key":"color"},{"value":"720,388","key":"move"},{"value":"100","key":"sleep"},{"key":"leftclick"},{"value":"100","key":"sleep"},{"value":"copy","key":"press"}]
2016-08-11 10:18:05  [ Thread-4:13266 ] - [ ERROR ]  QP窗口不正常，可能处于假死，第1次
2016-08-11 10:18:06  [ Thread-4:14333 ] - [ ERROR ]  QP窗口不正常，可能处于假死，第2次
2016-08-11 10:18:11  [ Thread-4:20050 ] - [ INFO ]  颜色检测成功:java.awt.Color[r=255,g=255,b=255] strs:[Ljava.lang.String;@15ea041
2016-08-11 10:18:14  [ Thread-4:22818 ] - [ INFO ]  .//query.txt成功删除
2016-08-11 10:18:16  [ Thread-4:24821 ] - [ INFO ]  开始获取status，文件名:PLT2016-08002_201607271160
2016-08-11 10:18:16  [ Thread-4:24826 ] - [ INFO ]  [{"value":"356,618","key":"move"},{"value":"100","key":"sleep"},{"key":"leftclick"},{"value":"100","key":"sleep"},{"value":"335,415","key":"move"},{"value":"100","key":"sleep"},{"key":"leftclick"},{"value":"100","key":"sleep"},{"value":"906,202","key":"move"},{"value":"100","key":"sleep"},{"key":"leftclick"},{"value":"100","key":"sleep"},{"value":"Z11000000917620040","key":"copy"},{"value":"paste","key":"press"},{"value":"100","key":"sleep"},{"value":"enter","key":"press"},{"value":"A","key":"press"},{"value":"1000","key":"sleep"},{"value":"499,387,255,255,255","key":"color"},{"value":"720,388","key":"move"},{"value":"100","key":"sleep"},{"key":"leftclick"},{"value":"100","key":"sleep"},{"value":"copy","key":"press"}]
2016-08-11 10:18:24  [ Thread-4:33065 ] - [ INFO ]  颜色检测成功:java.awt.Color[r=255,g=255,b=255] strs:[Ljava.lang.String;@1122542
2016-08-11 10:18:27  [ Thread-4:35741 ] - [ INFO ]  .//query.txt成功删除
2016-08-11 10:18:27  [ Thread-4:35741 ] - [ INFO ]  状态检测完毕，等待命令！
2016-08-11 10:19:17  [ AWT-EventQueue-0:85690 ] - [ INFO ]  C:\Users\QP011\workspace\RobotTest\status 已存在
2016-08-11 10:19:25  [ Thread-5:93199 ] - [ INFO ]  开始获取status，文件名:PLT2016-08002_201607271159
2016-08-11 10:19:25  [ Thread-5:93207 ] - [ INFO ]  [{"value":"356,618","key":"move"},{"value":"100","key":"sleep"},{"key":"leftclick"},{"value":"100","key":"sleep"},{"value":"335,415","key":"move"},{"value":"100","key":"sleep"},{"key":"leftclick"},{"value":"100","key":"sleep"},{"value":"906,202","key":"move"},{"value":"100","key":"sleep"},{"key":"leftclick"},{"value":"100","key":"sleep"},{"value":"Z11000000917619498","key":"copy"},{"value":"paste","key":"press"},{"value":"100","key":"sleep"},{"value":"enter","key":"press"},{"value":"A","key":"press"},{"value":"1000","key":"sleep"},{"value":"499,387,255,255,255","key":"color"},{"value":"720,388","key":"move"},{"value":"100","key":"sleep"},{"key":"leftclick"},{"value":"100","key":"sleep"},{"value":"copy","key":"press"}]
2016-08-11 10:19:33  [ Thread-5:101311 ] - [ INFO ]  颜色检测成功:java.awt.Color[r=255,g=255,b=255] strs:[Ljava.lang.String;@1492155
2016-08-11 10:19:35  [ Thread-5:103986 ] - [ INFO ]  .//query.txt成功删除
2016-08-11 10:19:37  [ Thread-5:105989 ] - [ INFO ]  开始获取status，文件名:PLT2016-08002_201607271160
2016-08-11 10:19:37  [ Thread-5:105993 ] - [ INFO ]  [{"value":"356,618","key":"move"},{"value":"100","key":"sleep"},{"key":"leftclick"},{"value":"100","key":"sleep"},{"value":"335,415","key":"move"},{"value":"100","key":"sleep"},{"key":"leftclick"},{"value":"100","key":"sleep"},{"value":"906,202","key":"move"},{"value":"100","key":"sleep"},{"key":"leftclick"},{"value":"100","key":"sleep"},{"value":"Z11000000917620040","key":"copy"},{"value":"paste","key":"press"},{"value":"100","key":"sleep"},{"value":"enter","key":"press"},{"value":"A","key":"press"},{"value":"1000","key":"sleep"},{"value":"499,387,255,255,255","key":"color"},{"value":"720,388","key":"move"},{"value":"100","key":"sleep"},{"key":"leftclick"},{"value":"100","key":"sleep"},{"value":"copy","key":"press"}]
2016-08-11 10:19:46  [ Thread-5:114176 ] - [ INFO ]  颜色检测成功:java.awt.Color[r=255,g=255,b=255] strs:[Ljava.lang.String;@cc0a62
2016-08-11 10:19:48  [ Thread-5:116883 ] - [ INFO ]  .//query.txt成功删除
2016-08-11 10:19:48  [ Thread-5:116884 ] - [ INFO ]  状态检测完毕，等待命令！
2016-08-11 10:23:30  [ main:0 ] - [ INFO ]  错误检测进程启动！
2016-08-11 10:23:30  [ main:3 ] - [ INFO ]  MonitorShutdown init
2016-08-11 10:23:32  [ Thread-2:2044 ] - [ INFO ]  Im going to end.
2016-08-11 10:24:17  [ main:0 ] - [ INFO ]  错误检测进程启动！
2016-08-11 10:24:17  [ main:2 ] - [ INFO ]  MonitorShutdown init
2016-08-11 10:24:21  [ Thread-2:3440 ] - [ INFO ]  Im going to end.
2016-08-11 10:28:42  [ main:0 ] - [ INFO ]  错误检测进程启动！
2016-08-11 10:28:42  [ main:2 ] - [ INFO ]  MonitorShutdown init
2016-08-11 10:28:51  [ Thread-2:9147 ] - [ INFO ]  Im going to end.
2016-08-11 10:29:21  [ main:0 ] - [ INFO ]  错误检测进程启动！
2016-08-11 10:29:21  [ main:3 ] - [ INFO ]  MonitorShutdown init
2016-08-11 10:29:26  [ Thread-2:4527 ] - [ INFO ]  Im going to end.
2016-08-11 10:30:51  [ main:0 ] - [ INFO ]  错误检测进程启动！
2016-08-11 10:30:51  [ main:2 ] - [ INFO ]  MonitorShutdown init
2016-08-11 10:32:25  [ main:0 ] - [ INFO ]  错误检测进程启动！
2016-08-11 10:32:25  [ main:3 ] - [ INFO ]  MonitorShutdown init
2016-08-11 10:34:34  [ main:0 ] - [ INFO ]  错误检测进程启动！
2016-08-11 10:34:34  [ main:3 ] - [ INFO ]  MonitorShutdown init
2016-08-11 10:36:14  [ main:0 ] - [ INFO ]  错误检测进程启动！
2016-08-11 10:36:14  [ main:2 ] - [ INFO ]  MonitorShutdown init
2016-08-11 10:36:35  [ main:0 ] - [ INFO ]  错误检测进程启动！
2016-08-11 10:36:35  [ main:2 ] - [ INFO ]  MonitorShutdown init
2016-08-11 10:36:37  [ Thread-2:2064 ] - [ INFO ]  Im going to end.
2016-08-11 10:40:22  [ main:0 ] - [ INFO ]  错误检测进程启动！
2016-08-11 10:40:22  [ main:3 ] - [ INFO ]  MonitorShutdown init
2016-08-11 10:40:23  [ AWT-EventQueue-0:1538 ] - [ INFO ]  C:\Users\QP011\workspace\RobotTest\receive 已存在
2016-08-11 10:40:23  [ AWT-EventQueue-0:1546 ] - [ INFO ]  C:\Users\QP011\workspace\RobotTest\error 已存在
2016-08-11 10:40:23  [ Thread-4:1547 ] - [ INFO ]  准备开始获取xml文件
2016-08-11 10:40:23  [ Thread-4:1689 ] - [ INFO ]  [{"value":"353,192","key":"move"},{"value":"50","key":"sleep"},{"key":"leftclick"},{"value":"50","key":"sleep"},{"value":"335,209","key":"move"},{"value":"50","key":"sleep"},{"key":"leftclick"},{"value":"50","key":"sleep"},{"value":"new","key":"press"},{"value":"537,60","key":"move"},{"value":"50","key":"sleep"},{"key":"leftclick"},{"value":"50","key":"sleep"},{"value":"5301","key":"copy"},{"value":"paste","key":"press"},{"value":"50","key":"sleep"},{"value":"enter","key":"press"},{"value":"save","key":"press"},{"value":"766,511,240,240,240","key":"color"},{"value":"enter","key":"press"},{"value":"5301","key":"copy"},{"value":"paste","key":"press"},{"value":"50","key":"sleep"},{"value":"enter","key":"press"},{"value":"enter","key":"press"},{"value":"plt2016-08005","key":"copy"},{"value":"paste","key":"press"},{"value":"50","key":"sleep"},{"value":"enter","key":"press"},{"value":"enter","key":"press"},{"value":"4403160JVA","key":"copy"},{"value":"paste","key":"press"},{"value":"50","key":"sleep"},{"value":"enter","key":"press"},{"value":"709,248,190,200,210","key":"color"},{"value":"enter","key":"press"},{"value":"enter","key":"press"},{"value":"1108940996","key":"copy"},{"value":"paste","key":"press"},{"value":"50","key":"sleep"},{"value":"enter","key":"press"},{"value":"709,269,190,200,210","key":"color"},{"value":"enter","key":"press"},{"value":"enter","key":"press"},{"value":"4403160JVA","key":"copy"},{"value":"paste","key":"press"},{"value":"50","key":"sleep"},{"value":"enter","key":"press"},{"value":"709,288,190,200,210","key":"color"},{"value":"enter","key":"press"},{"value":"enter","key":"press"},{"value":"516,309","key":"move"},{"key":"leftclick"},{"value":"4","key":"copy"},{"value":"paste","key":"press"},{"value":"50","key":"sleep"},{"value":"enter","key":"press"},{"value":"enter","key":"press"},{"value":"1100183400854","key":"copy"},{"value":"paste","key":"press"},{"value":"50","key":"sleep"},{"value":"enter","key":"press"},{"value":"PLT201608005","key":"copy"},{"value":"paste","key":"press"},{"value":"50","key":"sleep"},{"value":"enter","key":"press"},{"value":"0110","key":"copy"},{"value":"paste","key":"press"},{"value":"50","key":"sleep"},{"value":"enter","key":"press"},{"value":"101","key":"copy"},{"value":"paste","key":"press"},{"value":"50","key":"sleep"},{"value":"enter","key":"press"},{"value":"enter","key":"press"},{"value":"enter","key":"press"},{"value":"110","key":"copy"},{"value":"paste","key":"press"},{"value":"50","key":"sleep"},{"value":"enter","key":"press"},{"value":"110","key":"copy"},{"value":"paste","key":"press"},{"value":"50","key":"sleep"},{"value":"enter","key":"press"},{"value":"44031","key":"copy"},{"value":"paste","key":"press"},{"value":"50","key":"sleep"},{"value":"enter","key":"press"},{"value":"1","key":"copy"},{"value":"paste","key":"press"},{"value":"50","key":"sleep"},{"value":"enter","key":"press"},{"value":"","key":"copy"},{"value":"paste","key":"press"},{"value":"50","key":"sleep"},{"value":"enter","key":"press"},{"value":"","key":"copy"},{"value":"paste","key":"press"},{"value":"50","key":"sleep"},{"value":"enter","key":"press"},{"value":"","key":"copy"},{"value":"paste","key":"press"},{"value":"50","key":"sleep"},{"value":"enter","key":"press"},{"value":"1","key":"copy"},{"value":"paste","key":"press"},{"value":"50","key":"sleep"},{"value":"enter","key":"press"},{"value":"2","key":"copy"},{"value":"paste","key":"press"},{"value":"50","key":"sleep"},{"value":"enter","key":"press"},{"value":"9","key":"copy"},{"value":"paste","key":"press"},{"value":"50","key":"sleep"},{"value":"enter","key":"press"},{"value":"6.51","key":"copy"},{"value":"paste","key":"press"},{"value":"50","key":"sleep"},{"value":"enter","key":"press"},{"value":"110","key":"copy"},{"value":"paste","key":"press"},{"value":"50","key":"sleep"},{"value":"enter","key":"press"},{"value":"enter","key":"press"},{"value":"0","key":"copy"},{"value":"paste","key":"press"},{"value":"enter","key":"press"},{"value":"0","key":"copy"},{"value":"paste","key":"press"},{"value":"enter","key":"press"},{"value":"enter","key":"press"},{"value":"00","key":"copy"},{"value":"paste","key":"press"},{"value":"50","key":"sleep"},{"value":"enter","key":"press"},{"value":"L","key":"copy"},{"value":"paste","key":"press"},{"value":"50","key":"sleep"},{"value":"enter","key":"press"},{"value":"2","key":"copy"},{"value":"paste","key":"press"},{"value":"50","key":"sleep"},{"value":"enter","key":"press"},{"value":"521,449","key":"move"},{"value":"50","key":"sleep"},{"key":"leftclick"},{"value":"50","key":"sleep"},{"value":"M","key":"copy"},{"value":"paste","key":"press"},{"value":"50","key":"sleep"},{"value":"enter","key":"press"},{"value":"525,643","key":"move"},{"key":"leftclick"},{"value":"双信器","key":"copy"},{"value":"paste","key":"press"},{"value":"enter","key":"press"},{"value":"8517703000","key":"copy"},{"value":"paste","key":"press"},{"value":"enter","key":"press"},{"value":"50","key":"sleep"},{"value":"enter","key":"press"},{"value":"50","key":"sleep"},{"value":"enter","key":"press"},{"value":"50","key":"sleep"},{"value":"用于MI牌A12C型号手机","key":"copy"},{"value":"paste","key":"press"},{"value":"enter","key":"press"},{"value":"WALSIN牌","key":"copy"},{"value":"paste","key":"press"},{"value":"enter","key":"press"},{"value":"RFDIP2012070G57N2T型","key":"copy"},{"value":"paste","key":"press"},{"value":"enter","key":"press"},{"value":"材质：陶瓷等","key":"copy"},{"value":"paste","key":"press"},{"value":"enter","key":"press"},{"value":"enter","key":"press"},{"value":"508,661","key":"move"},{"key":"leftclick"},{"value":"210000","key":"copy"},{"value":"50","key":"sleep"},{"value":"paste","key":"press"},{"value":"enter","key":"press"},{"value":"007","key":"copy"},{"value":"paste","key":"press"},{"value":"enter","key":"press"},{"value":"0.0371","key":"copy"},{"value":"paste","key":"press"},{"value":"enter","key":"press"},{"value":"backspace","key":"press"},{"value":"7785.54","key":"copy"},{"value":"paste","key":"press"},{"value":"enter","key":"press"},{"value":"502","key":"copy"},{"value":"paste","key":"press"},{"value":"enter","key":"press"},{"value":"6.5100","key":"copy"},{"value":"paste","key":"press"},{"value":"enter","key":"press"},{"value":"enter","key":"press"},{"value":"enter","key":"press"},{"value":"142","key":"copy"},{"value":"paste","key":"press"},{"value":"enter","key":"press"},{"value":"143","key":"copy"},{"value":"paste","key":"press"},{"value":"enter","key":"press"},{"value":"enter","key":"press"},{"value":"1","key":"copy"},{"value":"paste","key":"press"},{"value":"enter","key":"press"},{"value":"1173,588","key":"move"},{"key":"leftclick"},{"value":"1","key":"copy"},{"value":"paste","key":"press"},{"value":"50","key":"sleep"},{"value":"enter","key":"press"},{"value":"00","key":"copy"},{"value":"paste","key":"press"},{"value":"50","key":"sleep"},{"value":"enter","key":"press"},{"value":"save","key":"press"},{"value":"766,511,240,240,240","key":"color"},{"value":"enter","key":"press"},{"value":"551,168","key":"move"},{"value":"50","key":"sleep"},{"key":"leftclick"},{"value":"50","key":"sleep"},{"key":"rightclick"},{"value":"50","key":"sleep"},{"value":"A","key":"press"},{"value":"50","key":"sleep"},{"value":"copy","key":"press"},{"value":"50","key":"sleep"}]
2016-08-11 10:40:23  [ Thread-4:1692 ] - [ INFO ]  主程序准备3000s后开始
2016-08-11 10:40:29  [ Thread-4:7210 ] - [ INFO ]  C:\Users\QP011\workspace\RobotTest\receive 已存在
2016-08-11 10:40:29  [ Thread-4:7211 ] - [ INFO ]  C:\Users\QP011\workspace\RobotTest\error 已存在
2016-08-11 10:40:42  [ Thread-4:20210 ] - [ INFO ]  颜色检测成功:java.awt.Color[r=240,g=240,b=240] strs:[Ljava.lang.String;@18056c2
2016-08-11 10:40:52  [ Thread-4:30310 ] - [ INFO ]  颜色检测成功:java.awt.Color[r=190,g=200,b=210] strs:[Ljava.lang.String;@dada6d
2016-08-11 10:40:56  [ Thread-4:33960 ] - [ INFO ]  颜色检测成功:java.awt.Color[r=190,g=200,b=210] strs:[Ljava.lang.String;@1ef8099
2016-08-11 10:40:59  [ Thread-4:37627 ] - [ INFO ]  颜色检测成功:java.awt.Color[r=190,g=200,b=210] strs:[Ljava.lang.String;@1d20709
2016-08-11 10:42:41  [ Thread-4:139348 ] - [ INFO ]  颜色检测成功:java.awt.Color[r=240,g=240,b=240] strs:[Ljava.lang.String;@997637
2016-08-11 10:42:46  [ Thread-4:144406 ] - [ INFO ]  C:\Users\QP011\workspace\RobotTest\PLT2016-08002_201607271159.txt成功删除
2016-08-11 10:42:46  [ Thread-4:144408 ] - [ INFO ]  C:\Users\QP011\workspace\RobotTest\send\PLT2016-08002_201607271159.xml成功删除
2016-08-11 10:42:46  [ Thread-4:144410 ] - [ INFO ]  准备开始获取xml文件
2016-08-11 10:42:46  [ Thread-4:144423 ] - [ INFO ]  [{"value":"353,192","key":"move"},{"value":"50","key":"sleep"},{"key":"leftclick"},{"value":"50","key":"sleep"},{"value":"335,209","key":"move"},{"value":"50","key":"sleep"},{"key":"leftclick"},{"value":"50","key":"sleep"},{"value":"new","key":"press"},{"value":"537,60","key":"move"},{"value":"50","key":"sleep"},{"key":"leftclick"},{"value":"50","key":"sleep"},{"value":"5301","key":"copy"},{"value":"paste","key":"press"},{"value":"50","key":"sleep"},{"value":"enter","key":"press"},{"value":"save","key":"press"},{"value":"766,511,240,240,240","key":"color"},{"value":"enter","key":"press"},{"value":"5301","key":"copy"},{"value":"paste","key":"press"},{"value":"50","key":"sleep"},{"value":"enter","key":"press"},{"value":"enter","key":"press"},{"value":"plt2016-08005","key":"copy"},{"value":"paste","key":"press"},{"value":"50","key":"sleep"},{"value":"enter","key":"press"},{"value":"enter","key":"press"},{"value":"4403160JVA","key":"copy"},{"value":"paste","key":"press"},{"value":"50","key":"sleep"},{"value":"enter","key":"press"},{"value":"709,248,190,200,210","key":"color"},{"value":"enter","key":"press"},{"value":"enter","key":"press"},{"value":"1108940996","key":"copy"},{"value":"paste","key":"press"},{"value":"50","key":"sleep"},{"value":"enter","key":"press"},{"value":"709,269,190,200,210","key":"color"},{"value":"enter","key":"press"},{"value":"enter","key":"press"},{"value":"4403160JVA","key":"copy"},{"value":"paste","key":"press"},{"value":"50","key":"sleep"},{"value":"enter","key":"press"},{"value":"709,288,190,200,210","key":"color"},{"value":"enter","key":"press"},{"value":"enter","key":"press"},{"value":"516,309","key":"move"},{"key":"leftclick"},{"value":"4","key":"copy"},{"value":"paste","key":"press"},{"value":"50","key":"sleep"},{"value":"enter","key":"press"},{"value":"enter","key":"press"},{"value":"1100183400854","key":"copy"},{"value":"paste","key":"press"},{"value":"50","key":"sleep"},{"value":"enter","key":"press"},{"value":"PLT201608005","key":"copy"},{"value":"paste","key":"press"},{"value":"50","key":"sleep"},{"value":"enter","key":"press"},{"value":"0110","key":"copy"},{"value":"paste","key":"press"},{"value":"50","key":"sleep"},{"value":"enter","key":"press"},{"value":"101","key":"copy"},{"value":"paste","key":"press"},{"value":"50","key":"sleep"},{"value":"enter","key":"press"},{"value":"enter","key":"press"},{"value":"enter","key":"press"},{"value":"110","key":"copy"},{"value":"paste","key":"press"},{"value":"50","key":"sleep"},{"value":"enter","key":"press"},{"value":"110","key":"copy"},{"value":"paste","key":"press"},{"value":"50","key":"sleep"},{"value":"enter","key":"press"},{"value":"44031","key":"copy"},{"value":"paste","key":"press"},{"value":"50","key":"sleep"},{"value":"enter","key":"press"},{"value":"1","key":"copy"},{"value":"paste","key":"press"},{"value":"50","key":"sleep"},{"value":"enter","key":"press"},{"value":"","key":"copy"},{"value":"paste","key":"press"},{"value":"50","key":"sleep"},{"value":"enter","key":"press"},{"value":"","key":"copy"},{"value":"paste","key":"press"},{"value":"50","key":"sleep"},{"value":"enter","key":"press"},{"value":"","key":"copy"},{"value":"paste","key":"press"},{"value":"50","key":"sleep"},{"value":"enter","key":"press"},{"value":"1","key":"copy"},{"value":"paste","key":"press"},{"value":"50","key":"sleep"},{"value":"enter","key":"press"},{"value":"2","key":"copy"},{"value":"paste","key":"press"},{"value":"50","key":"sleep"},{"value":"enter","key":"press"},{"value":"9","key":"copy"},{"value":"paste","key":"press"},{"value":"50","key":"sleep"},{"value":"enter","key":"press"},{"value":"6.51","key":"copy"},{"value":"paste","key":"press"},{"value":"50","key":"sleep"},{"value":"enter","key":"press"},{"value":"110","key":"copy"},{"value":"paste","key":"press"},{"value":"50","key":"sleep"},{"value":"enter","key":"press"},{"value":"enter","key":"press"},{"value":"0","key":"copy"},{"value":"paste","key":"press"},{"value":"enter","key":"press"},{"value":"0","key":"copy"},{"value":"paste","key":"press"},{"value":"enter","key":"press"},{"value":"enter","key":"press"},{"value":"00","key":"copy"},{"value":"paste","key":"press"},{"value":"50","key":"sleep"},{"value":"enter","key":"press"},{"value":"L","key":"copy"},{"value":"paste","key":"press"},{"value":"50","key":"sleep"},{"value":"enter","key":"press"},{"value":"2","key":"copy"},{"value":"paste","key":"press"},{"value":"50","key":"sleep"},{"value":"enter","key":"press"},{"value":"521,449","key":"move"},{"value":"50","key":"sleep"},{"key":"leftclick"},{"value":"50","key":"sleep"},{"value":"M","key":"copy"},{"value":"paste","key":"press"},{"value":"50","key":"sleep"},{"value":"enter","key":"press"},{"value":"525,643","key":"move"},{"key":"leftclick"},{"value":"双信器","key":"copy"},{"value":"paste","key":"press"},{"value":"enter","key":"press"},{"value":"8517703000","key":"copy"},{"value":"paste","key":"press"},{"value":"enter","key":"press"},{"value":"50","key":"sleep"},{"value":"enter","key":"press"},{"value":"50","key":"sleep"},{"value":"enter","key":"press"},{"value":"50","key":"sleep"},{"value":"用于MI牌A12C型号手机","key":"copy"},{"value":"paste","key":"press"},{"value":"enter","key":"press"},{"value":"WALSIN牌","key":"copy"},{"value":"paste","key":"press"},{"value":"enter","key":"press"},{"value":"RFDIP2012070G57N2T型","key":"copy"},{"value":"paste","key":"press"},{"value":"enter","key":"press"},{"value":"材质：陶瓷等","key":"copy"},{"value":"paste","key":"press"},{"value":"enter","key":"press"},{"value":"enter","key":"press"},{"value":"508,661","key":"move"},{"key":"leftclick"},{"value":"210000","key":"copy"},{"value":"50","key":"sleep"},{"value":"paste","key":"press"},{"value":"enter","key":"press"},{"value":"007","key":"copy"},{"value":"paste","key":"press"},{"value":"enter","key":"press"},{"value":"0.0371","key":"copy"},{"value":"paste","key":"press"},{"value":"enter","key":"press"},{"value":"backspace","key":"press"},{"value":"7785.54","key":"copy"},{"value":"paste","key":"press"},{"value":"enter","key":"press"},{"value":"502","key":"copy"},{"value":"paste","key":"press"},{"value":"enter","key":"press"},{"value":"6.5100","key":"copy"},{"value":"paste","key":"press"},{"value":"enter","key":"press"},{"value":"enter","key":"press"},{"value":"enter","key":"press"},{"value":"142","key":"copy"},{"value":"paste","key":"press"},{"value":"enter","key":"press"},{"value":"143","key":"copy"},{"value":"paste","key":"press"},{"value":"enter","key":"press"},{"value":"enter","key":"press"},{"value":"1","key":"copy"},{"value":"paste","key":"press"},{"value":"enter","key":"press"},{"value":"1173,588","key":"move"},{"key":"leftclick"},{"value":"1","key":"copy"},{"value":"paste","key":"press"},{"value":"50","key":"sleep"},{"value":"enter","key":"press"},{"value":"00","key":"copy"},{"value":"paste","key":"press"},{"value":"50","key":"sleep"},{"value":"enter","key":"press"},{"value":"save","key":"press"},{"value":"766,511,240,240,240","key":"color"},{"value":"enter","key":"press"},{"value":"551,168","key":"move"},{"value":"50","key":"sleep"},{"key":"leftclick"},{"value":"50","key":"sleep"},{"key":"rightclick"},{"value":"50","key":"sleep"},{"value":"A","key":"press"},{"value":"50","key":"sleep"},{"value":"copy","key":"press"},{"value":"50","key":"sleep"}]
2016-08-11 10:42:46  [ Thread-4:144426 ] - [ INFO ]  主程序准备3000s后开始
2016-08-11 10:42:52  [ Thread-4:149949 ] - [ INFO ]  C:\Users\QP011\workspace\RobotTest\receive 已存在
2016-08-11 10:42:52  [ Thread-4:149951 ] - [ INFO ]  C:\Users\QP011\workspace\RobotTest\error 已存在
2016-08-11 10:43:03  [ Thread-4:161682 ] - [ INFO ]  颜色检测成功:java.awt.Color[r=240,g=240,b=240] strs:[Ljava.lang.String;@1b116e9
2016-08-11 10:43:12  [ Thread-4:170283 ] - [ INFO ]  颜色检测成功:java.awt.Color[r=190,g=200,b=210] strs:[Ljava.lang.String;@1c52734
2016-08-11 10:43:16  [ Thread-4:174599 ] - [ INFO ]  颜色检测成功:java.awt.Color[r=190,g=200,b=210] strs:[Ljava.lang.String;@1d838c5
2016-08-11 10:43:20  [ Thread-4:178350 ] - [ INFO ]  颜色检测成功:java.awt.Color[r=190,g=200,b=210] strs:[Ljava.lang.String;@fc6cc2
2016-08-11 10:45:01  [ Thread-4:279371 ] - [ INFO ]  颜色检测成功:java.awt.Color[r=240,g=240,b=240] strs:[Ljava.lang.String;@19f3daa
2016-08-11 10:45:06  [ Thread-4:284374 ] - [ INFO ]  C:\Users\QP011\workspace\RobotTest\PLT2016-08002_201607271160.txt成功删除
2016-08-11 10:45:06  [ Thread-4:284381 ] - [ INFO ]  C:\Users\QP011\workspace\RobotTest\send\PLT2016-08002_201607271160.xml成功删除
2016-08-11 10:45:06  [ Thread-4:284382 ] - [ INFO ]  准备开始获取xml文件
2016-08-11 10:45:06  [ Thread-4:284415 ] - [ INFO ]  [{"value":"353,192","key":"move"},{"value":"50","key":"sleep"},{"key":"leftclick"},{"value":"50","key":"sleep"},{"value":"335,209","key":"move"},{"value":"50","key":"sleep"},{"key":"leftclick"},{"value":"50","key":"sleep"},{"value":"new","key":"press"},{"value":"537,60","key":"move"},{"value":"50","key":"sleep"},{"key":"leftclick"},{"value":"50","key":"sleep"},{"value":"5301","key":"copy"},{"value":"paste","key":"press"},{"value":"50","key":"sleep"},{"value":"enter","key":"press"},{"value":"save","key":"press"},{"value":"766,511,240,240,240","key":"color"},{"value":"enter","key":"press"},{"value":"5301","key":"copy"},{"value":"paste","key":"press"},{"value":"50","key":"sleep"},{"value":"enter","key":"press"},{"value":"enter","key":"press"},{"value":"plt2016-08005","key":"copy"},{"value":"paste","key":"press"},{"value":"50","key":"sleep"},{"value":"enter","key":"press"},{"value":"enter","key":"press"},{"value":"4403160JVA","key":"copy"},{"value":"paste","key":"press"},{"value":"50","key":"sleep"},{"value":"enter","key":"press"},{"value":"709,248,190,200,210","key":"color"},{"value":"enter","key":"press"},{"value":"enter","key":"press"},{"value":"1108940996","key":"copy"},{"value":"paste","key":"press"},{"value":"50","key":"sleep"},{"value":"enter","key":"press"},{"value":"709,269,190,200,210","key":"color"},{"value":"enter","key":"press"},{"value":"enter","key":"press"},{"value":"4403160JVA","key":"copy"},{"value":"paste","key":"press"},{"value":"50","key":"sleep"},{"value":"enter","key":"press"},{"value":"709,288,190,200,210","key":"color"},{"value":"enter","key":"press"},{"value":"enter","key":"press"},{"value":"516,309","key":"move"},{"key":"leftclick"},{"value":"4","key":"copy"},{"value":"paste","key":"press"},{"value":"50","key":"sleep"},{"value":"enter","key":"press"},{"value":"enter","key":"press"},{"value":"1100183400854","key":"copy"},{"value":"paste","key":"press"},{"value":"50","key":"sleep"},{"value":"enter","key":"press"},{"value":"PLT201608005","key":"copy"},{"value":"paste","key":"press"},{"value":"50","key":"sleep"},{"value":"enter","key":"press"},{"value":"0110","key":"copy"},{"value":"paste","key":"press"},{"value":"50","key":"sleep"},{"value":"enter","key":"press"},{"value":"101","key":"copy"},{"value":"paste","key":"press"},{"value":"50","key":"sleep"},{"value":"enter","key":"press"},{"value":"enter","key":"press"},{"value":"enter","key":"press"},{"value":"110","key":"copy"},{"value":"paste","key":"press"},{"value":"50","key":"sleep"},{"value":"enter","key":"press"},{"value":"110","key":"copy"},{"value":"paste","key":"press"},{"value":"50","key":"sleep"},{"value":"enter","key":"press"},{"value":"44031","key":"copy"},{"value":"paste","key":"press"},{"value":"50","key":"sleep"},{"value":"enter","key":"press"},{"value":"1","key":"copy"},{"value":"paste","key":"press"},{"value":"50","key":"sleep"},{"value":"enter","key":"press"},{"value":"","key":"copy"},{"value":"paste","key":"press"},{"value":"50","key":"sleep"},{"value":"enter","key":"press"},{"value":"","key":"copy"},{"value":"paste","key":"press"},{"value":"50","key":"sleep"},{"value":"enter","key":"press"},{"value":"","key":"copy"},{"value":"paste","key":"press"},{"value":"50","key":"sleep"},{"value":"enter","key":"press"},{"value":"1","key":"copy"},{"value":"paste","key":"press"},{"value":"50","key":"sleep"},{"value":"enter","key":"press"},{"value":"2","key":"copy"},{"value":"paste","key":"press"},{"value":"50","key":"sleep"},{"value":"enter","key":"press"},{"value":"9","key":"copy"},{"value":"paste","key":"press"},{"value":"50","key":"sleep"},{"value":"enter","key":"press"},{"value":"6.51","key":"copy"},{"value":"paste","key":"press"},{"value":"50","key":"sleep"},{"value":"enter","key":"press"},{"value":"110","key":"copy"},{"value":"paste","key":"press"},{"value":"50","key":"sleep"},{"value":"enter","key":"press"},{"value":"enter","key":"press"},{"value":"0","key":"copy"},{"value":"paste","key":"press"},{"value":"enter","key":"press"},{"value":"0","key":"copy"},{"value":"paste","key":"press"},{"value":"enter","key":"press"},{"value":"enter","key":"press"},{"value":"00","key":"copy"},{"value":"paste","key":"press"},{"value":"50","key":"sleep"},{"value":"enter","key":"press"},{"value":"L","key":"copy"},{"value":"paste","key":"press"},{"value":"50","key":"sleep"},{"value":"enter","key":"press"},{"value":"2","key":"copy"},{"value":"paste","key":"press"},{"value":"50","key":"sleep"},{"value":"enter","key":"press"},{"value":"521,449","key":"move"},{"value":"50","key":"sleep"},{"key":"leftclick"},{"value":"50","key":"sleep"},{"value":"M","key":"copy"},{"value":"paste","key":"press"},{"value":"50","key":"sleep"},{"value":"enter","key":"press"},{"value":"525,643","key":"move"},{"key":"leftclick"},{"value":"双信器","key":"copy"},{"value":"paste","key":"press"},{"value":"enter","key":"press"},{"value":"8517703000","key":"copy"},{"value":"paste","key":"press"},{"value":"enter","key":"press"},{"value":"50","key":"sleep"},{"value":"enter","key":"press"},{"value":"50","key":"sleep"},{"value":"enter","key":"press"},{"value":"50","key":"sleep"},{"value":"用于MI牌A12C型号手机","key":"copy"},{"value":"paste","key":"press"},{"value":"enter","key":"press"},{"value":"WALSIN牌","key":"copy"},{"value":"paste","key":"press"},{"value":"enter","key":"press"},{"value":"RFDIP2012070G57N2T型","key":"copy"},{"value":"paste","key":"press"},{"value":"enter","key":"press"},{"value":"材质：陶瓷等","key":"copy"},{"value":"paste","key":"press"},{"value":"enter","key":"press"},{"value":"enter","key":"press"},{"value":"508,661","key":"move"},{"key":"leftclick"},{"value":"210000","key":"copy"},{"value":"50","key":"sleep"},{"value":"paste","key":"press"},{"value":"enter","key":"press"},{"value":"007","key":"copy"},{"value":"paste","key":"press"},{"value":"enter","key":"press"},{"value":"0.0371","key":"copy"},{"value":"paste","key":"press"},{"value":"enter","key":"press"},{"value":"backspace","key":"press"},{"value":"7785.54","key":"copy"},{"value":"paste","key":"press"},{"value":"enter","key":"press"},{"value":"502","key":"copy"},{"value":"paste","key":"press"},{"value":"enter","key":"press"},{"value":"6.5100","key":"copy"},{"value":"paste","key":"press"},{"value":"enter","key":"press"},{"value":"enter","key":"press"},{"value":"enter","key":"press"},{"value":"142","key":"copy"},{"value":"paste","key":"press"},{"value":"enter","key":"press"},{"value":"143","key":"copy"},{"value":"paste","key":"press"},{"value":"enter","key":"press"},{"value":"enter","key":"press"},{"value":"1","key":"copy"},{"value":"paste","key":"press"},{"value":"enter","key":"press"},{"value":"1173,588","key":"move"},{"key":"leftclick"},{"value":"1","key":"copy"},{"value":"paste","key":"press"},{"value":"50","key":"sleep"},{"value":"enter","key":"press"},{"value":"00","key":"copy"},{"value":"paste","key":"press"},{"value":"50","key":"sleep"},{"value":"enter","key":"press"},{"value":"save","key":"press"},{"value":"766,511,240,240,240","key":"color"},{"value":"enter","key":"press"},{"value":"551,168","key":"move"},{"value":"50","key":"sleep"},{"key":"leftclick"},{"value":"50","key":"sleep"},{"key":"rightclick"},{"value":"50","key":"sleep"},{"value":"A","key":"press"},{"value":"50","key":"sleep"},{"value":"copy","key":"press"},{"value":"50","key":"sleep"}]
2016-08-11 10:45:06  [ Thread-4:284417 ] - [ INFO ]  主程序准备3000s后开始
2016-08-11 10:45:12  [ Thread-4:289922 ] - [ INFO ]  C:\Users\QP011\workspace\RobotTest\receive 已存在
2016-08-11 10:45:12  [ Thread-4:289923 ] - [ INFO ]  C:\Users\QP011\workspace\RobotTest\error 已存在
2016-08-11 10:45:23  [ Thread-4:301505 ] - [ INFO ]  颜色检测成功:java.awt.Color[r=240,g=240,b=240] strs:[Ljava.lang.String;@150ffbe
2016-08-11 10:45:32  [ Thread-4:310157 ] - [ INFO ]  颜色检测成功:java.awt.Color[r=190,g=200,b=210] strs:[Ljava.lang.String;@4e048
2016-08-11 10:45:35  [ Thread-4:313723 ] - [ INFO ]  颜色检测成功:java.awt.Color[r=190,g=200,b=210] strs:[Ljava.lang.String;@1032c3a
2016-08-11 10:45:39  [ Thread-4:317389 ] - [ INFO ]  颜色检测成功:java.awt.Color[r=190,g=200,b=210] strs:[Ljava.lang.String;@1560347
2016-08-11 10:47:20  [ Thread-4:418661 ] - [ INFO ]  颜色检测成功:java.awt.Color[r=240,g=240,b=240] strs:[Ljava.lang.String;@1e7b59c
2016-08-11 10:47:25  [ Thread-4:423674 ] - [ INFO ]  C:\Users\QP011\workspace\RobotTest\PLT2016-08002_201607271161.txt成功删除
2016-08-11 10:47:25  [ Thread-4:423679 ] - [ INFO ]  C:\Users\QP011\workspace\RobotTest\send\PLT2016-08002_201607271161.xml成功删除
2016-08-11 10:47:25  [ Thread-4:423680 ] - [ INFO ]  准备开始获取xml文件
2016-08-11 10:47:25  [ Thread-4:423702 ] - [ INFO ]  [{"value":"353,192","key":"move"},{"value":"50","key":"sleep"},{"key":"leftclick"},{"value":"50","key":"sleep"},{"value":"335,209","key":"move"},{"value":"50","key":"sleep"},{"key":"leftclick"},{"value":"50","key":"sleep"},{"value":"new","key":"press"},{"value":"537,60","key":"move"},{"value":"50","key":"sleep"},{"key":"leftclick"},{"value":"50","key":"sleep"},{"value":"5301","key":"copy"},{"value":"paste","key":"press"},{"value":"50","key":"sleep"},{"value":"enter","key":"press"},{"value":"save","key":"press"},{"value":"766,511,240,240,240","key":"color"},{"value":"enter","key":"press"},{"value":"5301","key":"copy"},{"value":"paste","key":"press"},{"value":"50","key":"sleep"},{"value":"enter","key":"press"},{"value":"enter","key":"press"},{"value":"plt2016-08005","key":"copy"},{"value":"paste","key":"press"},{"value":"50","key":"sleep"},{"value":"enter","key":"press"},{"value":"enter","key":"press"},{"value":"4403160JVA","key":"copy"},{"value":"paste","key":"press"},{"value":"50","key":"sleep"},{"value":"enter","key":"press"},{"value":"709,248,190,200,210","key":"color"},{"value":"enter","key":"press"},{"value":"enter","key":"press"},{"value":"1108940996","key":"copy"},{"value":"paste","key":"press"},{"value":"50","key":"sleep"},{"value":"enter","key":"press"},{"value":"709,269,190,200,210","key":"color"},{"value":"enter","key":"press"},{"value":"enter","key":"press"},{"value":"4403160JVA","key":"copy"},{"value":"paste","key":"press"},{"value":"50","key":"sleep"},{"value":"enter","key":"press"},{"value":"709,288,190,200,210","key":"color"},{"value":"enter","key":"press"},{"value":"enter","key":"press"},{"value":"516,309","key":"move"},{"key":"leftclick"},{"value":"4","key":"copy"},{"value":"paste","key":"press"},{"value":"50","key":"sleep"},{"value":"enter","key":"press"},{"value":"enter","key":"press"},{"value":"1100183400854","key":"copy"},{"value":"paste","key":"press"},{"value":"50","key":"sleep"},{"value":"enter","key":"press"},{"value":"PLT201608005","key":"copy"},{"value":"paste","key":"press"},{"value":"50","key":"sleep"},{"value":"enter","key":"press"},{"value":"0110","key":"copy"},{"value":"paste","key":"press"},{"value":"50","key":"sleep"},{"value":"enter","key":"press"},{"value":"101","key":"copy"},{"value":"paste","key":"press"},{"value":"50","key":"sleep"},{"value":"enter","key":"press"},{"value":"enter","key":"press"},{"value":"enter","key":"press"},{"value":"110","key":"copy"},{"value":"paste","key":"press"},{"value":"50","key":"sleep"},{"value":"enter","key":"press"},{"value":"110","key":"copy"},{"value":"paste","key":"press"},{"value":"50","key":"sleep"},{"value":"enter","key":"press"},{"value":"44031","key":"copy"},{"value":"paste","key":"press"},{"value":"50","key":"sleep"},{"value":"enter","key":"press"},{"value":"1","key":"copy"},{"value":"paste","key":"press"},{"value":"50","key":"sleep"},{"value":"enter","key":"press"},{"value":"","key":"copy"},{"value":"paste","key":"press"},{"value":"50","key":"sleep"},{"value":"enter","key":"press"},{"value":"","key":"copy"},{"value":"paste","key":"press"},{"value":"50","key":"sleep"},{"value":"enter","key":"press"},{"value":"","key":"copy"},{"value":"paste","key":"press"},{"value":"50","key":"sleep"},{"value":"enter","key":"press"},{"value":"1","key":"copy"},{"value":"paste","key":"press"},{"value":"50","key":"sleep"},{"value":"enter","key":"press"},{"value":"2","key":"copy"},{"value":"paste","key":"press"},{"value":"50","key":"sleep"},{"value":"enter","key":"press"},{"value":"9","key":"copy"},{"value":"paste","key":"press"},{"value":"50","key":"sleep"},{"value":"enter","key":"press"},{"value":"6.51","key":"copy"},{"value":"paste","key":"press"},{"value":"50","key":"sleep"},{"value":"enter","key":"press"},{"value":"110","key":"copy"},{"value":"paste","key":"press"},{"value":"50","key":"sleep"},{"value":"enter","key":"press"},{"value":"enter","key":"press"},{"value":"0","key":"copy"},{"value":"paste","key":"press"},{"value":"enter","key":"press"},{"value":"0","key":"copy"},{"value":"paste","key":"press"},{"value":"enter","key":"press"},{"value":"enter","key":"press"},{"value":"00","key":"copy"},{"value":"paste","key":"press"},{"value":"50","key":"sleep"},{"value":"enter","key":"press"},{"value":"L","key":"copy"},{"value":"paste","key":"press"},{"value":"50","key":"sleep"},{"value":"enter","key":"press"},{"value":"2","key":"copy"},{"value":"paste","key":"press"},{"value":"50","key":"sleep"},{"value":"enter","key":"press"},{"value":"521,449","key":"move"},{"value":"50","key":"sleep"},{"key":"leftclick"},{"value":"50","key":"sleep"},{"value":"M","key":"copy"},{"value":"paste","key":"press"},{"value":"50","key":"sleep"},{"value":"enter","key":"press"},{"value":"525,643","key":"move"},{"key":"leftclick"},{"value":"双信器","key":"copy"},{"value":"paste","key":"press"},{"value":"enter","key":"press"},{"value":"8517703000","key":"copy"},{"value":"paste","key":"press"},{"value":"enter","key":"press"},{"value":"50","key":"sleep"},{"value":"enter","key":"press"},{"value":"50","key":"sleep"},{"value":"enter","key":"press"},{"value":"50","key":"sleep"},{"value":"用于MI牌A12C型号手机","key":"copy"},{"value":"paste","key":"press"},{"value":"enter","key":"press"},{"value":"WALSIN牌","key":"copy"},{"value":"paste","key":"press"},{"value":"enter","key":"press"},{"value":"RFDIP2012070G57N2T型","key":"copy"},{"value":"paste","key":"press"},{"value":"enter","key":"press"},{"value":"材质：陶瓷等","key":"copy"},{"value":"paste","key":"press"},{"value":"enter","key":"press"},{"value":"enter","key":"press"},{"value":"508,661","key":"move"},{"key":"leftclick"},{"value":"210000","key":"copy"},{"value":"50","key":"sleep"},{"value":"paste","key":"press"},{"value":"enter","key":"press"},{"value":"007","key":"copy"},{"value":"paste","key":"press"},{"value":"enter","key":"press"},{"value":"0.0371","key":"copy"},{"value":"paste","key":"press"},{"value":"enter","key":"press"},{"value":"backspace","key":"press"},{"value":"7785.54","key":"copy"},{"value":"paste","key":"press"},{"value":"enter","key":"press"},{"value":"502","key":"copy"},{"value":"paste","key":"press"},{"value":"enter","key":"press"},{"value":"6.5100","key":"copy"},{"value":"paste","key":"press"},{"value":"enter","key":"press"},{"value":"enter","key":"press"},{"value":"enter","key":"press"},{"value":"142","key":"copy"},{"value":"paste","key":"press"},{"value":"enter","key":"press"},{"value":"143","key":"copy"},{"value":"paste","key":"press"},{"value":"enter","key":"press"},{"value":"enter","key":"press"},{"value":"1","key":"copy"},{"value":"paste","key":"press"},{"value":"enter","key":"press"},{"value":"1173,588","key":"move"},{"key":"leftclick"},{"value":"1","key":"copy"},{"value":"paste","key":"press"},{"value":"50","key":"sleep"},{"value":"enter","key":"press"},{"value":"00","key":"copy"},{"value":"paste","key":"press"},{"value":"50","key":"sleep"},{"value":"enter","key":"press"},{"value":"save","key":"press"},{"value":"766,511,240,240,240","key":"color"},{"value":"enter","key":"press"},{"value":"551,168","key":"move"},{"value":"50","key":"sleep"},{"key":"leftclick"},{"value":"50","key":"sleep"},{"key":"rightclick"},{"value":"50","key":"sleep"},{"value":"A","key":"press"},{"value":"50","key":"sleep"},{"value":"copy","key":"press"},{"value":"50","key":"sleep"}]
2016-08-11 10:47:25  [ Thread-4:423705 ] - [ INFO ]  主程序准备3000s后开始
2016-08-11 10:47:31  [ Thread-4:429212 ] - [ INFO ]  C:\Users\QP011\workspace\RobotTest\receive 已存在
2016-08-11 10:47:31  [ Thread-4:429213 ] - [ INFO ]  C:\Users\QP011\workspace\RobotTest\error 已存在
2016-08-11 10:47:42  [ Thread-4:440778 ] - [ INFO ]  颜色检测成功:java.awt.Color[r=240,g=240,b=240] strs:[Ljava.lang.String;@1d5972a
2016-08-11 10:47:51  [ Thread-4:449511 ] - [ INFO ]  颜色检测成功:java.awt.Color[r=190,g=200,b=210] strs:[Ljava.lang.String;@1159311
2016-08-11 10:47:55  [ Thread-4:453027 ] - [ INFO ]  颜色检测成功:java.awt.Color[r=190,g=200,b=210] strs:[Ljava.lang.String;@1bfeae9
2016-08-11 10:47:58  [ Thread-4:456695 ] - [ INFO ]  颜色检测成功:java.awt.Color[r=190,g=200,b=210] strs:[Ljava.lang.String;@842740
2016-08-11 10:49:39  [ Thread-4:557667 ] - [ INFO ]  颜色检测成功:java.awt.Color[r=240,g=240,b=240] strs:[Ljava.lang.String;@1259d3d
2016-08-11 10:49:44  [ Thread-4:562678 ] - [ INFO ]  C:\Users\QP011\workspace\RobotTest\PLT2016-08002_201607271162.txt成功删除
2016-08-11 10:49:44  [ Thread-4:562684 ] - [ INFO ]  C:\Users\QP011\workspace\RobotTest\send\PLT2016-08002_201607271162.xml成功删除
2016-08-11 10:49:44  [ Thread-4:562685 ] - [ INFO ]  准备开始获取xml文件
2016-08-11 10:49:44  [ Thread-4:562687 ] - [ ERROR ]  send目录为空，可能出错！
2016-08-11 10:49:44  [ Thread-4:562688 ] - [ INFO ]  无录入文件！
2016-08-11 11:01:17  [ AWT-EventQueue-0:1255792 ] - [ INFO ]  C:\Users\QP011\workspace\RobotTest\status 已存在
2016-08-11 11:01:25  [ Thread-5:1263304 ] - [ INFO ]  开始获取status，文件名:PLT2016-08002_201607271159
2016-08-11 11:01:25  [ Thread-5:1263305 ] - [ INFO ]  [{"value":"356,618","key":"move"},{"value":"100","key":"sleep"},{"key":"leftclick"},{"value":"100","key":"sleep"},{"value":"335,415","key":"move"},{"value":"100","key":"sleep"},{"key":"leftclick"},{"value":"100","key":"sleep"},{"value":"906,202","key":"move"},{"value":"100","key":"sleep"},{"key":"leftclick"},{"value":"100","key":"sleep"},{"value":"Z11000000917821882","key":"copy"},{"value":"paste","key":"press"},{"value":"100","key":"sleep"},{"value":"enter","key":"press"},{"value":"A","key":"press"},{"value":"1000","key":"sleep"},{"value":"499,387,255,255,255","key":"color"},{"value":"720,388","key":"move"},{"value":"100","key":"sleep"},{"key":"leftclick"},{"value":"100","key":"sleep"},{"value":"copy","key":"press"}]
2016-08-11 11:01:33  [ Thread-5:1271416 ] - [ INFO ]  颜色检测成功:java.awt.Color[r=255,g=255,b=255] strs:[Ljava.lang.String;@832382
2016-08-11 11:01:36  [ Thread-5:1274127 ] - [ INFO ]  .//query.txt成功删除
2016-08-11 11:01:38  [ Thread-5:1276129 ] - [ INFO ]  开始获取status，文件名:PLT2016-08002_201607271160
2016-08-11 11:01:38  [ Thread-5:1276133 ] - [ INFO ]  [{"value":"356,618","key":"move"},{"value":"100","key":"sleep"},{"key":"leftclick"},{"value":"100","key":"sleep"},{"value":"335,415","key":"move"},{"value":"100","key":"sleep"},{"key":"leftclick"},{"value":"100","key":"sleep"},{"value":"906,202","key":"move"},{"value":"100","key":"sleep"},{"key":"leftclick"},{"value":"100","key":"sleep"},{"value":"Z11000000917826550","key":"copy"},{"value":"paste","key":"press"},{"value":"100","key":"sleep"},{"value":"enter","key":"press"},{"value":"A","key":"press"},{"value":"1000","key":"sleep"},{"value":"499,387,255,255,255","key":"color"},{"value":"720,388","key":"move"},{"value":"100","key":"sleep"},{"key":"leftclick"},{"value":"100","key":"sleep"},{"value":"copy","key":"press"}]
2016-08-11 11:01:46  [ Thread-5:1284332 ] - [ INFO ]  颜色检测成功:java.awt.Color[r=255,g=255,b=255] strs:[Ljava.lang.String;@608ae
2016-08-11 11:01:49  [ Thread-5:1286993 ] - [ INFO ]  .//query.txt成功删除
2016-08-11 11:01:51  [ Thread-5:1288996 ] - [ INFO ]  开始获取status，文件名:PLT2016-08002_201607271161
2016-08-11 11:01:51  [ Thread-5:1289001 ] - [ INFO ]  [{"value":"356,618","key":"move"},{"value":"100","key":"sleep"},{"key":"leftclick"},{"value":"100","key":"sleep"},{"value":"335,415","key":"move"},{"value":"100","key":"sleep"},{"key":"leftclick"},{"value":"100","key":"sleep"},{"value":"906,202","key":"move"},{"value":"100","key":"sleep"},{"key":"leftclick"},{"value":"100","key":"sleep"},{"value":"Z11000000917829038","key":"copy"},{"value":"paste","key":"press"},{"value":"100","key":"sleep"},{"value":"enter","key":"press"},{"value":"A","key":"press"},{"value":"1000","key":"sleep"},{"value":"499,387,255,255,255","key":"color"},{"value":"720,388","key":"move"},{"value":"100","key":"sleep"},{"key":"leftclick"},{"value":"100","key":"sleep"},{"value":"copy","key":"press"}]
2016-08-11 11:01:59  [ Thread-5:1297132 ] - [ INFO ]  颜色检测成功:java.awt.Color[r=255,g=255,b=255] strs:[Ljava.lang.String;@14cf6eb
2016-08-11 11:02:01  [ Thread-5:1299839 ] - [ INFO ]  .//query.txt成功删除
2016-08-11 11:02:03  [ Thread-5:1301841 ] - [ INFO ]  开始获取status，文件名:PLT2016-08002_201607271162
2016-08-11 11:02:03  [ Thread-5:1301845 ] - [ INFO ]  [{"value":"356,618","key":"move"},{"value":"100","key":"sleep"},{"key":"leftclick"},{"value":"100","key":"sleep"},{"value":"335,415","key":"move"},{"value":"100","key":"sleep"},{"key":"leftclick"},{"value":"100","key":"sleep"},{"value":"906,202","key":"move"},{"value":"100","key":"sleep"},{"key":"leftclick"},{"value":"100","key":"sleep"},{"value":"Z11000000917831386","key":"copy"},{"value":"paste","key":"press"},{"value":"100","key":"sleep"},{"value":"enter","key":"press"},{"value":"A","key":"press"},{"value":"1000","key":"sleep"},{"value":"499,387,255,255,255","key":"color"},{"value":"720,388","key":"move"},{"value":"100","key":"sleep"},{"key":"leftclick"},{"value":"100","key":"sleep"},{"value":"copy","key":"press"}]
2016-08-11 11:02:12  [ Thread-5:1310064 ] - [ INFO ]  颜色检测成功:java.awt.Color[r=255,g=255,b=255] strs:[Ljava.lang.String;@bea23d
2016-08-11 11:02:14  [ Thread-5:1312719 ] - [ INFO ]  .//query.txt成功删除
2016-08-11 11:02:14  [ Thread-5:1312722 ] - [ INFO ]  状态检测完毕，等待命令！
2016-08-11 11:04:49  [ Thread-2:1467292 ] - [ INFO ]  Im going to end.
2016-08-11 11:14:18  [ main:0 ] - [ INFO ]  错误检测进程启动！
2016-08-11 11:14:18  [ main:3 ] - [ INFO ]  MonitorShutdown init
2016-08-11 11:14:20  [ Thread-2:1997 ] - [ INFO ]  Im going to end.
2016-08-11 11:17:53  [ main:0 ] - [ INFO ]  错误检测进程启动！
2016-08-11 11:17:53  [ main:2 ] - [ INFO ]  MonitorShutdown init
2016-08-11 11:17:54  [ Thread-2:1196 ] - [ INFO ]  Im going to end.
2016-08-11 11:18:11  [ main:1 ] - [ INFO ]  错误检测进程启动！
2016-08-11 11:18:11  [ main:12 ] - [ INFO ]  MonitorShutdown init
2016-08-11 11:18:12  [ Thread-2:878 ] - [ INFO ]  Im going to end.
2016-08-11 11:19:13  [ main:0 ] - [ INFO ]  错误检测进程启动！
2016-08-11 11:19:13  [ main:3 ] - [ INFO ]  MonitorShutdown init
2016-08-11 11:19:14  [ Thread-2:1086 ] - [ INFO ]  Im going to end.
2016-08-11 11:24:52  [ main:0 ] - [ INFO ]  错误检测进程启动！
2016-08-11 11:24:52  [ main:3 ] - [ INFO ]  MonitorShutdown init
2016-08-11 11:24:55  [ Thread-2:2829 ] - [ INFO ]  Im going to end.
2016-08-11 11:25:14  [ main:0 ] - [ INFO ]  错误检测进程启动！
2016-08-11 11:25:14  [ main:2 ] - [ INFO ]  MonitorShutdown init
2016-08-11 11:25:18  [ Thread-2:3307 ] - [ INFO ]  Im going to end.
2016-08-11 11:25:34  [ main:0 ] - [ INFO ]  错误检测进程启动！
2016-08-11 11:25:34  [ main:4 ] - [ INFO ]  MonitorShutdown init
2016-08-11 11:25:36  [ Thread-2:1571 ] - [ INFO ]  Im going to end.
2016-08-11 12:02:33  [ main:0 ] - [ ERROR ]  错误邮件发送成功！
